[08-Jun-2018 21:11:56 UTC] PHP Parse error:  syntax error, unexpected 'add_action' (T_STRING) in /app/public/wp-content/themes/YLTheme/functions.php on line 12
[08-Jun-2018 21:13:56 UTC] PHP Parse error:  syntax error, unexpected 'add_action' (T_STRING) in /app/public/wp-content/themes/YLTheme/functions.php on line 13
[08-Jun-2018 21:16:39 UTC] PHP Parse error:  syntax error, unexpected 'add_action' (T_STRING) in /app/public/wp-content/themes/YLTheme/functions.php on line 13
[08-Jun-2018 21:16:43 UTC] PHP Parse error:  syntax error, unexpected 'add_action' (T_STRING) in /app/public/wp-content/themes/YLTheme/functions.php on line 13
[08-Jun-2018 21:16:54 UTC] PHP Parse error:  syntax error, unexpected 'add_action' (T_STRING) in /app/public/wp-content/themes/YLTheme/functions.php on line 13
[08-Jun-2018 21:17:08 UTC] PHP Parse error:  syntax error, unexpected 'add_action' (T_STRING) in /app/public/wp-content/themes/YLTheme/functions.php on line 13
[08-Jun-2018 21:17:33 UTC] PHP Parse error:  syntax error, unexpected 'add_action' (T_STRING) in /app/public/wp-content/themes/YLTheme/functions.php on line 13
[08-Jun-2018 21:17:48 UTC] PHP Parse error:  syntax error, unexpected 'add_action' (T_STRING) in /app/public/wp-content/themes/YLTheme/functions.php on line 13
[08-Jun-2018 21:18:32 UTC] PHP Parse error:  syntax error, unexpected 'add_action' (T_STRING) in /app/public/wp-content/themes/YLTheme/functions.php on line 13
[08-Jun-2018 21:18:47 UTC] PHP Parse error:  syntax error, unexpected 'add_action' (T_STRING) in /app/public/wp-content/themes/YLTheme/functions.php on line 13
[08-Jun-2018 21:19:03 UTC] PHP Parse error:  syntax error, unexpected 'add_action' (T_STRING) in /app/public/wp-content/themes/YLTheme/functions.php on line 13
[08-Jun-2018 21:19:09 UTC] PHP Parse error:  syntax error, unexpected 'add_action' (T_STRING) in /app/public/wp-content/themes/YLTheme/functions.php on line 13
[08-Jun-2018 21:19:10 UTC] PHP Parse error:  syntax error, unexpected 'add_action' (T_STRING) in /app/public/wp-content/themes/YLTheme/functions.php on line 13
[08-Jun-2018 21:19:14 UTC] PHP Parse error:  syntax error, unexpected 'add_action' (T_STRING) in /app/public/wp-content/themes/YLTheme/functions.php on line 13
[08-Jun-2018 21:19:20 UTC] PHP Parse error:  syntax error, unexpected 'add_action' (T_STRING) in /app/public/wp-content/themes/YLTheme/functions.php on line 13
[08-Jun-2018 21:19:55 UTC] PHP Warning:  include(/app/public/wp-content/themes/YLThemeinclude/front/enqueue.php): failed to open stream: No such file or directory in /app/public/wp-content/themes/YLTheme/functions.php on line 10
[08-Jun-2018 21:19:55 UTC] PHP Warning:  include(): Failed opening '/app/public/wp-content/themes/YLThemeinclude/front/enqueue.php' for inclusion (include_path='.:/usr/share/php:/www/wp-content/pear') in /app/public/wp-content/themes/YLTheme/functions.php on line 10
[08-Jun-2018 21:21:04 UTC] PHP Warning:  include(/app/public/wp-content/themes/YLThemeinclude/front/enqueue.php): failed to open stream: No such file or directory in /app/public/wp-content/themes/YLTheme/functions.php on line 10
[08-Jun-2018 21:21:04 UTC] PHP Warning:  include(): Failed opening '/app/public/wp-content/themes/YLThemeinclude/front/enqueue.php' for inclusion (include_path='.:/usr/share/php:/www/wp-content/pear') in /app/public/wp-content/themes/YLTheme/functions.php on line 10
[08-Jun-2018 21:21:23 UTC] PHP Warning:  include(/app/public/wp-content/themes/YLThemeinclude/front/enqueue.php): failed to open stream: No such file or directory in /app/public/wp-content/themes/YLTheme/functions.php on line 10
[08-Jun-2018 21:21:23 UTC] PHP Warning:  include(): Failed opening '/app/public/wp-content/themes/YLThemeinclude/front/enqueue.php' for inclusion (include_path='.:/usr/share/php:/www/wp-content/pear') in /app/public/wp-content/themes/YLTheme/functions.php on line 10
[08-Jun-2018 21:21:37 UTC] PHP Warning:  include(/app/public/wp-content/themes/YLTheme./include/front/enqueue.php): failed to open stream: No such file or directory in /app/public/wp-content/themes/YLTheme/functions.php on line 10
[08-Jun-2018 21:21:37 UTC] PHP Warning:  include(): Failed opening '/app/public/wp-content/themes/YLTheme./include/front/enqueue.php' for inclusion (include_path='.:/usr/share/php:/www/wp-content/pear') in /app/public/wp-content/themes/YLTheme/functions.php on line 10
[08-Jun-2018 21:25:43 UTC] PHP Fatal error:  Uncaught Error: Call to undefined function get_head() in /app/public/wp-content/themes/YLTheme/front-page.php:3
Stack trace:
#0 /app/public/wp-includes/template-loader.php(74): include()
#1 /app/public/wp-blog-header.php(19): require_once('/app/public/wp-...')
#2 /app/public/index.php(17): require('/app/public/wp-...')
#3 {main}
  thrown in /app/public/wp-content/themes/YLTheme/front-page.php on line 3
[08-Jun-2018 21:25:57 UTC] PHP Fatal error:  Uncaught Error: Call to undefined function wp_get_head() in /app/public/wp-content/themes/YLTheme/front-page.php:3
Stack trace:
#0 /app/public/wp-includes/template-loader.php(74): include()
#1 /app/public/wp-blog-header.php(19): require_once('/app/public/wp-...')
#2 /app/public/index.php(17): require('/app/public/wp-...')
#3 {main}
  thrown in /app/public/wp-content/themes/YLTheme/front-page.php on line 3
[08-Jun-2018 22:29:34 UTC] PHP Warning:  call_user_func_array() expects parameter 1 to be a valid callback, function 'yl_setup_theme' not found or invalid function name in /app/public/wp-includes/class-wp-hook.php on line 286
[08-Jun-2018 22:50:59 UTC] PHP Warning:  call_user_func_array() expects parameter 1 to be a valid callback, function 'yl_widgets' not found or invalid function name in /app/public/wp-includes/class-wp-hook.php on line 286
[08-Jun-2018 22:53:09 UTC] PHP Warning:  call_user_func_array() expects parameter 1 to be a valid callback, function 'yl_widgets' not found or invalid function name in /app/public/wp-includes/class-wp-hook.php on line 286
[08-Jun-2018 22:53:47 UTC] PHP Warning:  call_user_func_array() expects parameter 1 to be a valid callback, function 'yl_widgets' not found or invalid function name in /app/public/wp-includes/class-wp-hook.php on line 286
[08-Jun-2018 22:54:14 UTC] PHP Warning:  call_user_func_array() expects parameter 1 to be a valid callback, function 'yl_widgets' not found or invalid function name in /app/public/wp-includes/class-wp-hook.php on line 286
[08-Jun-2018 22:57:09 UTC] PHP Parse error:  syntax error, unexpected ''id'' (T_CONSTANT_ENCAPSED_STRING), expecting ')' in /app/public/wp-content/themes/YLTheme/include/widgets.php on line 7
[08-Jun-2018 22:57:28 UTC] PHP Parse error:  syntax error, unexpected ''id'' (T_CONSTANT_ENCAPSED_STRING), expecting ')' in /app/public/wp-content/themes/YLTheme/include/widgets.php on line 7
[09-Jun-2018 20:48:21 UTC] PHP Parse error:  syntax error, unexpected ')' in /app/public/wp-content/themes/YLTheme/index.php on line 25
[09-Jun-2018 21:02:13 UTC] PHP Parse error:  syntax error, unexpected 'px' (T_STRING), expecting ')' in /app/public/wp-content/themes/YLTheme/index.php on line 24
[09-Jun-2018 22:31:19 UTC] PHP Fatal error:  Uncaught Error: Call to undefined function get_page_title() in /app/public/wp-content/themes/YLTheme/index.php:10
Stack trace:
#0 /app/public/wp-includes/template-loader.php(74): include()
#1 /app/public/wp-blog-header.php(19): require_once('/app/public/wp-...')
#2 /app/public/index.php(17): require('/app/public/wp-...')
#3 {main}
  thrown in /app/public/wp-content/themes/YLTheme/index.php on line 10
[09-Jun-2018 22:48:34 UTC] PHP Warning:  call_user_func_array() expects parameter 1 to be a valid callback, function 'yl_excerpt_length' not found or invalid function name in /app/public/wp-includes/class-wp-hook.php on line 286
[09-Jun-2018 22:48:34 UTC] PHP Warning:  call_user_func_array() expects parameter 1 to be a valid callback, function 'yl_excerpt_length' not found or invalid function name in /app/public/wp-includes/class-wp-hook.php on line 286
[09-Jun-2018 22:48:34 UTC] PHP Warning:  call_user_func_array() expects parameter 1 to be a valid callback, function 'yl_excerpt_length' not found or invalid function name in /app/public/wp-includes/class-wp-hook.php on line 286
[01-Jul-2018 16:24:44 UTC] PHP Warning:  copy(/app/public/wp-content/upgrade/the-events-calendar.4.6.19-rCEFJQ/the-events-calendar/src/Tribe/Integrations/Twenty_Seventeen.php): failed to open stream: No such file or directory in /app/public/wp-admin/includes/class-wp-filesystem-direct.php on line 243
[01-Jul-2018 16:24:44 UTC] PHP Warning:  copy(/app/public/wp-content/upgrade/the-events-calendar.4.6.19-rCEFJQ/the-events-calendar/src/Tribe/Integrations/Twenty_Seventeen.php): failed to open stream: No such file or directory in /app/public/wp-admin/includes/class-wp-filesystem-direct.php on line 243
[01-Jul-2018 17:25:20 UTC] PHP Warning:  Error while sending QUERY packet. PID=451 in /app/public/wp-includes/wp-db.php on line 1924
[01-Jul-2018 17:25:21 UTC] WordPress database error Query execution was interrupted for query SELECT option_value FROM wp_options WHERE option_name = 'tribe_pue_key_notices' LIMIT 1 made by include('phar:///usr/local/bin/wp/php/boot-phar.php'), include('phar:///usr/local/bin/wp/php/wp-cli.php'), WP_CLI\bootstrap, WP_CLI\Bootstrap\LaunchRunner->process, WP_CLI\Runner->start, WP_CLI\Runner->load_wordpress, require('wp-settings.php'), do_action('plugins_loaded'), WP_Hook->do_action, WP_Hook->apply_filters, Tribe__Events__Main->plugins_loaded, Tribe__Main::instance, Tribe__Main->__construct, Tribe__Main->init_libraries, tribe, tad_DI52_Container->make, tad_DI52_Container->resolve, tad_DI52_Container->build, Tribe__PUE__Notices->__construct, Tribe__PUE__Notices->populate, get_option
[01-Jul-2018 17:25:21 UTC] WordPress database error Query execution was interrupted for query SELECT option_value FROM wp_options WHERE option_name = 'tribe_pue_key_notices' LIMIT 1 made by include('phar:///usr/local/bin/wp/php/boot-phar.php'), include('phar:///usr/local/bin/wp/php/wp-cli.php'), WP_CLI\bootstrap, WP_CLI\Bootstrap\LaunchRunner->process, WP_CLI\Runner->start, WP_CLI\Runner->load_wordpress, require('wp-settings.php'), do_action('plugins_loaded'), WP_Hook->do_action, WP_Hook->apply_filters, Tribe__Events__Main->plugins_loaded, Tribe__Main::instance, Tribe__Main->__construct, Tribe__Main->init_libraries, tribe, tad_DI52_Container->make, tad_DI52_Container->resolve, tad_DI52_Container->build, Tribe__PUE__Notices->__construct, Tribe__PUE__Notices->populate, get_option
[01-Jul-2018 17:25:21 UTC] WordPress database error Query execution was interrupted for query SELECT option_value FROM wp_options WHERE option_name = 'tribe_pue_key_notices' LIMIT 1 made by include('phar:///usr/local/bin/wp/php/boot-phar.php'), include('phar:///usr/local/bin/wp/php/wp-cli.php'), WP_CLI\bootstrap, WP_CLI\Bootstrap\LaunchRunner->process, WP_CLI\Runner->start, WP_CLI\Runner->load_wordpress, require('wp-settings.php'), do_action('plugins_loaded'), WP_Hook->do_action, WP_Hook->apply_filters, Tribe__Events__Main->plugins_loaded, Tribe__Main::instance, Tribe__Main->__construct, Tribe__Main->init_libraries, tribe, tad_DI52_Container->make, tad_DI52_Container->resolve, tad_DI52_Container->build, Tribe__PUE__Notices->__construct, Tribe__PUE__Notices->populate, get_option
[01-Jul-2018 17:25:21 UTC] PHP Warning:  Error while sending QUERY packet. PID=401 in /app/public/wp-includes/wp-db.php on line 1924
[01-Jul-2018 17:25:21 UTC] PHP Warning:  Error while sending QUERY packet. PID=405 in /app/public/wp-includes/wp-db.php on line 1924
[01-Jul-2018 17:25:21 UTC] PHP Warning:  Error while sending QUERY packet. PID=452 in /app/public/wp-includes/wp-db.php on line 1924
[17-Aug-2018 17:15:51 UTC] PHP Warning:  A non-numeric value encountered in /app/public/wp-content/themes/YLTheme/front-page.php on line 8
[17-Aug-2018 17:15:51 UTC] PHP Warning:  A non-numeric value encountered in /app/public/wp-content/themes/YLTheme/front-page.php on line 8
[17-Aug-2018 17:15:51 UTC] PHP Warning:  Division by zero in /app/public/wp-content/themes/YLTheme/front-page.php on line 8
[17-Aug-2018 17:16:00 UTC] PHP Warning:  A non-numeric value encountered in /app/public/wp-content/themes/YLTheme/front-page.php on line 8
[17-Aug-2018 17:16:00 UTC] PHP Warning:  A non-numeric value encountered in /app/public/wp-content/themes/YLTheme/front-page.php on line 8
[17-Aug-2018 17:16:00 UTC] PHP Warning:  Division by zero in /app/public/wp-content/themes/YLTheme/front-page.php on line 8
[17-Aug-2018 17:17:03 UTC] PHP Warning:  A non-numeric value encountered in /app/public/wp-content/themes/YLTheme/front-page.php on line 8
[17-Aug-2018 17:17:03 UTC] PHP Warning:  A non-numeric value encountered in /app/public/wp-content/themes/YLTheme/front-page.php on line 8
[17-Aug-2018 17:17:03 UTC] PHP Warning:  Division by zero in /app/public/wp-content/themes/YLTheme/front-page.php on line 8
