[04-Jun-2018 15:02:05] NOTICE: fpm is running, pid 14
[04-Jun-2018 15:02:05] NOTICE: ready to handle connections
[04-Jun-2018 15:02:41] NOTICE: Terminating ...
[04-Jun-2018 15:02:42] NOTICE: exiting, bye-bye!
[04-Jun-2018 15:02:47] NOTICE: fpm is running, pid 29
[04-Jun-2018 15:02:47] NOTICE: ready to handle connections
[04-Jun-2018 19:51:47] NOTICE: Terminating ...
[04-Jun-2018 19:51:47] NOTICE: exiting, bye-bye!
[04-Jun-2018 19:51:52] NOTICE: fpm is running, pid 30
[04-Jun-2018 19:51:52] NOTICE: ready to handle connections
[05-Jun-2018 00:04:21] NOTICE: Terminating ...
[05-Jun-2018 00:04:21] NOTICE: exiting, bye-bye!
[07-Jun-2018 20:57:54] NOTICE: fpm is running, pid 40
[07-Jun-2018 20:57:54] NOTICE: ready to handle connections
[07-Jun-2018 21:41:35] NOTICE: Terminating ...
[07-Jun-2018 21:41:35] NOTICE: exiting, bye-bye!
[08-Jun-2018 20:26:38] NOTICE: fpm is running, pid 35
[08-Jun-2018 20:26:38] NOTICE: ready to handle connections
[08-Jun-2018 23:45:27] NOTICE: Terminating ...
[08-Jun-2018 23:45:27] NOTICE: exiting, bye-bye!
[09-Jun-2018 12:16:45] NOTICE: fpm is running, pid 55
[09-Jun-2018 12:16:45] NOTICE: ready to handle connections
[09-Jun-2018 23:35:59] NOTICE: Terminating ...
[09-Jun-2018 23:35:59] NOTICE: exiting, bye-bye!
[13-Jun-2018 00:30:22] NOTICE: fpm is running, pid 40
[13-Jun-2018 00:30:22] NOTICE: ready to handle connections
[13-Jun-2018 00:39:47] NOTICE: Terminating ...
[13-Jun-2018 00:39:47] NOTICE: exiting, bye-bye!
[15-Jun-2018 13:27:33] NOTICE: fpm is running, pid 40
[15-Jun-2018 13:27:33] NOTICE: ready to handle connections
[15-Jun-2018 21:59:23] NOTICE: Terminating ...
[15-Jun-2018 21:59:23] NOTICE: exiting, bye-bye!
[16-Jun-2018 21:51:26] NOTICE: fpm is running, pid 75
[16-Jun-2018 21:51:26] NOTICE: ready to handle connections
[16-Jun-2018 23:55:56] NOTICE: Terminating ...
[16-Jun-2018 23:55:56] NOTICE: exiting, bye-bye!
[01-Jul-2018 11:58:11] NOTICE: fpm is running, pid 35
[01-Jul-2018 11:58:11] NOTICE: ready to handle connections
[01-Jul-2018 17:25:21] NOTICE: Terminating ...
[01-Jul-2018 17:25:21] NOTICE: exiting, bye-bye!
[17-Jul-2018 16:30:09] NOTICE: fpm is running, pid 50
[17-Jul-2018 16:30:09] NOTICE: ready to handle connections
[17-Jul-2018 22:41:12] NOTICE: Terminating ...
[17-Jul-2018 22:41:12] NOTICE: exiting, bye-bye!
[22-Jul-2018 17:37:43] NOTICE: fpm is running, pid 40
[22-Jul-2018 17:37:43] NOTICE: ready to handle connections
[22-Jul-2018 22:09:14] NOTICE: Terminating ...
[22-Jul-2018 22:09:14] NOTICE: exiting, bye-bye!
[02-Aug-2018 14:52:37] NOTICE: fpm is running, pid 50
[02-Aug-2018 14:52:37] NOTICE: ready to handle connections
[02-Aug-2018 19:26:17] NOTICE: Terminating ...
[02-Aug-2018 19:26:17] NOTICE: exiting, bye-bye!
[17-Aug-2018 16:55:02] NOTICE: fpm is running, pid 45
[17-Aug-2018 16:55:02] NOTICE: ready to handle connections
[17-Aug-2018 23:43:01] NOTICE: Terminating ...
[17-Aug-2018 23:43:01] NOTICE: exiting, bye-bye!
